

 : S C O P Y   C O M P I L E R   L I S T I N G

 Generated code is SAM assembly language for
 the MACC2 virtual computer.
 ___________________________________________

 March 07, 2018 at 08:06 AM
 Source file: ram.sy

 LINE #
     1  :A
     2  :/ This is a
     3     mult:i-line
     4     co/mment. /:
     5  
     6  :: The decleration of all the variables
     7    int : x;
     8    intarray[10] : arry;
     9  
    10  :: This reads in integers to be added to the array of list
    11    :F(j:=0;j<10;j := j + 1)
    12      :I arry[j];
    13    :.
    14  
    15  :: This adds all the integers from the array into a single value
    16    x := 0;
    17    :F(i:=0;i<10;i := i + 1)
    18      x := x + arry[i];
    19    :.
    20  
    21  :Z
    22  
